<?xml version="1.0" encoding="UTF-8"?>
<!-- Generated by org.testng.reporters.JUnitXMLReporter -->
<testsuite hostname="DESKTOP-FCN7IKG" name="Default test" tests="4" failures="0" timestamp="7 Jun 2017 05:48:59 GMT" time="0.063" errors="0">
  <testcase name="@BeforeTest setUp" time="0.0" classname="xeroTest.XeroTestCases">
    <failure type="org.testng.TestNGException" message="
Parameter &amp;apos;browser&amp;apos; is required by @Configuration on method setUp but has not been marked @Optional or defined
in C:\Users\bhatn\AppData\Local\Temp\testng-eclipse--1345394244\testng-customsuite.xml">
      <![CDATA[org.testng.TestNGException: 
Parameter 'browser' is required by @Configuration on method setUp but has not been marked @Optional or defined
in C:\Users\bhatn\AppData\Local\Temp\testng-eclipse--1345394244\testng-customsuite.xml
	at org.testng.internal.Parameters.createParameters(Parameters.java:154)
	at org.testng.internal.Parameters.createParameters(Parameters.java:361)
	at org.testng.internal.Parameters.createConfigurationParameters(Parameters.java:84)
	at org.testng.internal.Invoker.invokeConfigurations(Invoker.java:197)
	at org.testng.internal.Invoker.invokeConfigurations(Invoker.java:138)
	at org.testng.TestRunner.beforeRun(TestRunner.java:648)
	at org.testng.TestRunner.run(TestRunner.java:616)
	at org.testng.SuiteRunner.runTest(SuiteRunner.java:359)
	at org.testng.SuiteRunner.runSequentially(SuiteRunner.java:354)
	at org.testng.SuiteRunner.privateRun(SuiteRunner.java:312)
	at org.testng.SuiteRunner.run(SuiteRunner.java:261)
	at org.testng.SuiteRunnerWorker.runSuite(SuiteRunnerWorker.java:52)
	at org.testng.SuiteRunnerWorker.run(SuiteRunnerWorker.java:86)
	at org.testng.TestNG.runSuitesSequentially(TestNG.java:1215)
	at org.testng.TestNG.runSuitesLocally(TestNG.java:1140)
	at org.testng.TestNG.run(TestNG.java:1048)
	at org.testng.remote.AbstractRemoteTestNG.run(AbstractRemoteTestNG.java:132)
	at org.testng.remote.RemoteTestNG.initAndRun(RemoteTestNG.java:230)
	at org.testng.remote.RemoteTestNG.main(RemoteTestNG.java:76)
]]>
    </failure>
  </testcase> <!-- @BeforeTest setUp -->
  <testcase name="Accounts" time="0.01" classname="xeroTest.XeroTestCases">
    <skipped/>
  </testcase> <!-- Accounts -->
  <testcase name="Login" time="0.002" classname="xeroTest.XeroTestCases">
    <skipped/>
  </testcase> <!-- Login -->
  <testcase name="NewAccount" time="0.002" classname="xeroTest.XeroTestCases">
    <skipped/>
  </testcase> <!-- NewAccount -->
  <testcase name="Reports" time="0.001" classname="xeroTest.XeroTestCases">
    <skipped/>
  </testcase> <!-- Reports -->
</testsuite> <!-- Default test -->
